<?xml version="1.0" encoding="UTF-8"?>
<!-- Generated by org.testng.reporters.JUnitReportReporter -->
<testsuite skipped="0" hostname="P12-T165934" name="com.comcast.orgTest.EditContactTest" tests="2" failures="0" timestamp="2021-09-22T14:26:03 IST" time="0.005" errors="0">
  <testcase name="editTest" time="0.002" classname="com.comcast.orgTest.EditContactTest"/>
  <system-out/>
  <testcase name="saveChangeTest" time="0.003" classname="com.comcast.orgTest.EditContactTest"/>
  <system-out/>
</testsuite> <!-- com.comcast.orgTest.EditContactTest -->
