<?xml version="1.0" encoding="UTF-8"?>
<!-- Generated by org.testng.reporters.JUnitReportReporter -->
<testsuite skipped="0" hostname="P12-T165934" name="com.comcast.createContactTest.CreateContactTest" tests="2" failures="0" timestamp="2021-09-22T14:26:03 IST" time="0.017" errors="0">
  <testcase name="createContactwithOrgTest" time="0.015" classname="com.comcast.createContactTest.CreateContactTest"/>
  <system-out/>
  <testcase name="deleteContactTest" time="0.002" classname="com.comcast.createContactTest.CreateContactTest"/>
  <system-out/>
</testsuite> <!-- com.comcast.createContactTest.CreateContactTest -->
